sourcetext: 工作描述：策划工作：1.协助产品制作人进行游戏的系统设计，并跟进系统的实现（美术，UX，程序，QA）。2.协助产品制作人进行游戏的玩法机制设计，并跟进玩法的实现。3.根据系统的设计，进行数值的设定工作。程序工作：1.参与游戏玩法的客户端编程，主要是增强表现相关的功能以及交互界面的实现。管理工作：1.作为产品的美术接口人，参与项目初期美术风格的制定，以及跟进项目开发中美术制作的排期，进度与交付资源的质量。2.作为产品的UX接口人，参与项目初期GUI风格的制定，以及跟进项目开发中交互与GUI设计的排期，进度与交付资源的质量。
result: 工作描述 | 策划工作 | 1 | 协助产品 | 制作 | 人进行游戏 | 跟进系统 | 实现 | 美术 | UX | 程序 | QA | 2 | 协助产品 | 制作 | 人进行游戏的玩法机制设计 | 跟进玩法 | 实现 | 3 | 根据 | 系统的设计 | 进行数值 | 设定 | 程序工作 | 1 | 参与 | 游戏玩法的客户端编程 | 是 | 增强 | 表现 | 相关的功能 | 界面 | 实现 | 管理工作 | 1 | 作为 | 产品的美术接口人 | 参与 | 项目初期美术风格 | 制定 | 跟进 | 项目开发中美术 | 制作 | 排 | 进度 | 交付 | 资源的质量 | 2 | 作为 | 产品的UX接口人 | 参与 | 项目初期GUI风格 | 制定 | 跟进 | 项目开发 | GUI设计 | 排 | 进度 | 交付 | 资源的质量

sourcetext: 工作职责：1、参与中国电信需求管理平台的研发和交付，现该系统广泛应用湖北、陕西、河北等地。 2、负责需求管理平台的设计和开发工作，表单管理、工作流管理、权限管理等相关技术开发。 3、负责完成并交付人力资源管理平台系统。 4、负责完成并交付舆情监控系统。
result: 工作职责 | 1 | 参与 | 中国电信需求管理平台 | 研发 | 交付 | 系统 | 湖北 | 陕西 | 河北 |  2 | 负责 | 需求管理平台的设计 | 开发工作 | 表单管理 | 权限管理 | 相关技术开发 |   | 3 | 负责 | 完成 | 交付 | 人力资源管理平台系统 |  4 | 负责 | 完成 | 交付 | 舆情监控系统

sourcetext: 工作职责：                                    ※工作职责：1、根据集团业务发展战略及当年度经营目标，拟定并绘制全集团组织结构文件；2、集团年度人力资源预算规则拟制及预算编制；3、集团人力资源体系团队搭建及人员维稳、培养、指导、监督和检查；4、集团人力资源体系分级管控模式建设、管控大纲拟制及修订；5、集团人力资源各模块制度、管理办法、操作流程及配套表格等文件的编写、修订和推行；6、集团对外资源关系开拓及维护，如人社局、职称认证机构、中关村园区、高校、猎头公司、培训机构、法务等；7、集团总部经理级、子公司副总级及以上级别人员的招聘配置及干部任免管理和相关公文拟定发布；8、跨集团直属部门、子公司负责人的日常和专项人力资源事务沟通和解决；9、公司人力资源专题和日常会议培训的组织和讲授，如人力资源体系例会主持、制度流程培训、专业模块知识培训和专项工作操作培训等；10、全集团人力资源法务问题的解答和处理；11、企业文化建设及员工活动的策划和实施，员工关系的维护和配套员工劳动合同及在司档案管理。12、EHR软件的选型和实施准备。※主要业绩：1、因公司决定从事业部制转变为母子公司模式的管理需要，将集团人力资源体系人员从刚进入公司时的6个人按照工作开展需要，迅速搭建成20余人的团队，保证了每个子公司在人力资源工作方面的顺利推进； 2、从无到有建立集团人力资源部，并配套建立集团人力资源管控模式，拟制了人力资源类集团和子公司审批权限手册，共计12大项80余种情况，并逐年修订；3、从无到有拟定并绘制集团及子公司组织结构图并逐年例行修订，每份组织结构图文件共计90余页；4、从无到有编写适合母子公司管控需要的人力资源类制度、流程和表格，共计20套（份）以上；5、将薪酬体系、绩效体系、招聘体系和员工关系体系推行应用于集团及各子公司，目前正计划推行培训体系；6、信息化缺失条件下的人力资源信息管理台账建设及日常管理，共创建8套台账（岗编、招聘、人事、异动、薪酬福利、绩效、证书、合同）；7、组织全集团员工劳动关系排查和梳理，目前所有人员已按法定要求准备齐所有材料，共计处理数百人次，在司档案已补齐并登记造册；8、2012届和2013届校园招聘方案的拟定、实施和总结，两届校园招聘的计划招聘人数为80人以上，最终留用率为30%~40%，完成正常需求标准。
result: 工作职责 |      |    |    |    |    |    |    |    |    |    |    |    |    |    |        | 工作职责 | 1 | 根据 | 集团业务发展战略 | 当年度经营目标 | 拟定 | 绘制 | 全集团组织结构文件 | 2 | 集团年度人力资源预算规则拟制 | 预算编制 | 3 | 集团人力资源体系团队 | 搭建 | 人员 | 培养 | 4 | 集团人力资源体系 | 分级 | 管控模式建设 | 管控大纲拟制 | 修订 | 5 | 集团人力资源 | 模块制度 | 管理办法 | 操作流程 | 配套表格 | 文件 | 编写 | 修订 | 推行 | 6 | 集团对外资源关系 | 开拓 | 维护 | 如 | 人社局 | 职称认证 | 中关村园区 | 高校 | 猎头公司 | 培训机构 | 法务 | 7 | 集团总部经理级 | 子公司副总 | 级别人员的招聘配置 | 干部任免管理 | 相关公文 | 拟定 | 发布 | 8 | 跨集团 | 部门 | 子公司负责人 | 人力资源事务 | 沟通 | 解决 | 9 | 公司人力资源专题 | 会议培训的组织 | 讲授 | 如 | 人力资源体系例会 | 主持 | 制度流程培训 | 专业模块知识培训 | 工作操作培训 | 1 | 全集团人力资源法务问题 | 解答 | 11 | 企业文化建设 | 员工活动的策划 | 实施 | 员工关系 | 维护 | 配套员工劳动合同 | 在 | 司档案管理 | EHR软件的选型 | 实施 | 准备 | 业绩 | 1 | 因 | 公司 | 决定 | 从 | 事业部制 | 转变 | 为 | 模式的管理 | 需要 | 集团人力资源体系人员 | 从 | 刚进入公司 | 6个人 | 按照 | 开展 | 需要 | 搭 | 建成 | 2 | 0余人的团队 | 保证 | 子公司 | 在 | 人力资源工作方面 | 推进 |  2 | 从无到有 | 建立 | 集团人力资源部 | 建立 | 集团人力资源管控模式 | 拟制 | 人力资源 | 集团 | 子公司审批权限手册 | 共计 | 12大项 | 8 | 余 | 情况 | 修订 | 3 | 从无到有 | 拟定 | 绘制集团 | 子公司组织结构图 | 修订 | 每份组织结构图文件 | 共计 | 9 | 余页 | 4 | 从无到有 | 编写 | 适合 | 管控 | 需要的人力资源 | 制度 | 流程 | 表格 | 共计 | 5 | 薪酬体系 | 绩效体系 | 招聘体系 | 员工关系体系 | 推行应用于集团 | 子公司 | 计划 | 推行 | 培训体系 | 6 | 信息化缺失条件下的人力资源 | 台账建设 | 创建 | 8 | 台账 | 岗编 | 人事 | 异动 | 薪酬福利 | 绩效 | 证书 | 合同 | 7 | 组织 | 全集团员工劳动关系 | 排查 | 梳理 | 人员 | 按 | 要求 | 准备 | 材料 | 共计 | 处理数 | 在 | 司档案 | 补齐 | 造册 | 8 | 届校园招聘方案 | 拟定 | 实施 | 总结 | 两届校园招聘的计划招聘人数 | 为 | 8 | 人 | 留用 | 率 | 为3 | %~4 | % | 完成 | 正常需求标准

sourcetext: 负责建立平台监控指标体系，实现数据异常波动的自动化监控。开展数据挖掘项目，挖掘利润增长点，并对公司运营和产品优化提出建议。包括：垃圾稿件过滤项目，标签聚类项目，客户生命周期与忠诚度度量，任务健康度评估建模，担保和退款的决策树模型，客服产出模型等。负责组内项目管理工作。
result: 负责 | 建立 | 平台监控指标体系 | 实现数据 | 异常波动的自动化监控 | 开展 | 项目 | 挖掘 | 利润增长点 | 对 | 公司运营 | 产品 | 优化提出建议 | 包括 | 垃圾稿件 | 过滤项目 | 标签聚类项目 | 客户生命周期 | 忠诚度 | 量 | 任务 | 退款 | 决策树模型 | 客服产出模型 | 负责组

sourcetext: 工作描述：通信基站RU相关系统与算法开发1）算法开发- CFR DPD 为主2）承担过混模（GSM LTE UMTS）项目共3个，主要负责算法输出与问题定位分析，最近一个项目参与部分系统设计3）其它项目算法支持，测试支持
result: 工作描述 | 通信基站RU相关系统 | 算法开发 | 1 | 算法开发 | - |  CFR |  DPD |   | 为主 | 2 | 承担 | 混模 | GSM |  LTE |  UMTS | 项目 | 负责 | 算法输出 | 问题定位分析 | 项目 | 参与部分 | 3 | 项目算法 | 支持 | 支持

sourcetext: 北京咨询/管理产业/法律/财会, 主要职责: --客户调研:收集宏观经济环境及行业信息,、各子公司管理层及其各职能部门相关人员,组织内部调研,以便了解客户的整体状况 --行业分析:通过搜集信息、研读内外部资料,同时借助科学的咨询分析工具,分析客户所在行业的发展趋势与竞争态势,外部环境的变化对该集团可能带来的冲击与机会以及行业中主要竞争对手的分析 --战略审视及客户内部诊断:在充分了解客户现有的资源和核心竞争力的情况下,同项目团队一起,评估集团资源现状,明确集团的优劣势,发现集团运营能力 --战略方案选择分析:在行业分析和战略审视的基础之上,参与制定集团总体战略,提出集团使命和愿景、集团业务和业务组合战略,描述战略备选方案,进行战略评估 --参与报告起草:起草客户集团下属业务板块的行业报告,参与集团内部诊断报告和未来三年的发展战略规划报告的编写 1995.9-2002.7: 哈尔滨锦秀集团房地产开发有限责任公司,预算工程师/项目负责人/甲方代表,哈尔滨 房地产/建筑/装潢,2001-4000元/月 \--预决算工程师:审计集团内部及对外工程项目的建筑预决算,分析评估项目的进展情况和完成效果,为企业控制成本,对外招投标提供参考; --项目负责人:负责集团某工程项目的现场管理、原材料采购及与当地政府部门的沟通; --甲方代表:监督工程项目的质量与进度,执行公司内部各部门之间、公司与客户、设计单位与施工企业之间的协调与沟通 教育
result: 北京咨询 | / | 管理产业 | /法律 | /财会 |   | 主要职责 |  --客户调研 | 收集 | 宏观经济环境 | 行业信息 | 子公司管理层 | 职能部门相关人员 | 组织内部调研 | 了解 | 客户的整体状况 |   | --行业分析 | 通过 | 搜集信息 | 研读 | 内外部资料 | 借助 | 科学的咨询分析工具 | 分析客户所在行业 | 竞争态势 | 外部环境的变化 | 对 | 集团 | 可能 | 带来 | 机会 | 行业 | 竞争对手的分析 |   | --战略 | 审视 | 客户内部诊断 | 在 | 了解客户 | 现有的资源 | 核心竞争力的情况下 | 同 | 项目团队 | 评估集团资源现状 | 集团 | 发现 | 集团运营能力 |   | --战略方案 | 选择 | 在 | 行业分析 | 战略 | 审视的基础 | 参与 | 制定 | 集团总体战略 | 提出 | 集团使命 | 愿景 | 集团业务 | 业务组合战略 | 描述 | 战略备选方案 | 进行战略评估 |  -- | 参与报告起草 | 起草 | 客户集团 | 下属 | 业务板块的行业报告 | 参与 | 集团内部诊断报告 | 报告 | 编写 1995.9 | - | 2002.7 |  哈尔滨 | 锦秀集团房地产开发有限责任公司 | 预算工程师 | / | 项目负责人 | / | 甲方代表 | 哈尔滨 |  房地产 | /建筑 | /装潢 | 2001-4 | /月 |   | --预决算工程师 | 审计集团 | 对外工程项目的建筑预决算 | 分析评估项目的进展情况 | 完成效果 | 为 | 企业控制成本 | 对外招投标 | 提供 |  --项目负责人 | 负责集团 | 工程项目 | 现场管理 | 原材料采购 | 当地政府部门 | 沟通 |   | --甲方代表 | 监督工程项目的质量 | 进度 | 执行公司 | 部门 | 公司 | 客户 | 设计单位 | 施工企业 | 协调 | 沟通 |  

sourcetext: 工作职责：1.LTE 产品开发支持 1）测试向量生成。 2）ASIC，DSP模块以及链路验证支持。 3）OTDOA的一个子帧模糊度问题的解决。 2.测量算法开发与优化3.cell search算法开发与优化
result: 工作职责 | 1 | LTE |  产品开发 | 支持 |   | 1 | 测试向量 | 生成 |  2 | ASIC | DSP模块 | 验证 | 支持 |  3 | OTDOA | 子帧 | 问题 | 解决 |   | 2 | 测量算法开发 | 优化 | 3 | cell |   | search算法开发 | 优化

sourcetext: 工作职责：1、负责及时掌握和了解公司筹备期间工程进度，定期向总部汇报。2、负责组织各部门的信息传递工作，保证各部门信息沟通顺畅。 3、负责组织办公室文件、资料、档案的保管和定期归档工作。 4、在总经理的授权下，代表总经理完成公司对外宣传与外联工作。5、 负责筹备期间酒店人力资源部开荒工作,负责酒店有关人事行政文件、资料及各项制度的起草拟定。6、负责招聘并带领下属按时间节点安排新员工入职、每月员工薪资核算及审核、员工社保申报、员工劳动合同的签订等。7、员工宿舍及员工饭堂的管理监督工作。8、部门日常行政事务工作监督管理。
result: 工作职责 | 1 | 负责 | 掌握 | 了解 | 公司筹备期间工程进度 | 向 | 总部汇报 | 2 | 负责组织 | 部门的信息 | 传递 | 保证 | 部门信息沟通 |   | 3 | 负责 | 组织办公室文件 | 资料 | 档案 | 保管 | 归档工作 |  4 | 在 | 总经理 | 授权 | 代表总经理 | 完成 | 公司对外宣传 | 外联工作 | 5 |   | 负责 | 筹备期间酒店人力资源部开荒 | 负责 | 酒店有关人事行政文件 | 资料 | 制度 | 起草 | 拟定 | 6 | 负责 | 带领 | 下属 | 按 | 时间节点 | 安排 | 员工 | 入职 | 员工薪资核算 | 员工社保申报 | 员工劳动合同 | 签订 | 7 | 员工宿舍 | 员工饭堂的管理监督工作 | 8 | 部门 | 行政事务工作 | 监督管理

sourcetext: 汇报对象:总经理 下属人数:23 所在地区:北京 所在部门:技术中心工作职责: 1. 研发机械手机器人, 基于嵌入式和PLC和IPC等控制系统平台, 进行数控系统的新技术开发, 规划公司的电机、驱动器等产品的战略发展方向;与客户交流, 根据行业需求, 设计专业的技术解决方案。 2. 技术部的日常管理, 设计并审核新产品或是新系统的系统框架和模块化设计, 监督并管理执行规范的新产品和项目的实施流程。 3. 负责制定产品、项目的研发实施标准、管理流程和文档管控等。 4. 团队管理, 成员业绩考核。工作业绩: 未填写
result: 汇报对象 | 总经理 |   | 下属人数 | 23 |   | 所在地区 | 北京 |   | 所在部门 | 技术中心 | 工作职责 |  1 |   | 研发 | 机械手机器人 |   | 基于 | PLC | IPC | 平台 |   | 新技术开发 |  规划公司的电机 | 驱动器 | 产品的战略发展方向 | 客户交流 |   | 根据 | 行业需求 |   | 设计专业的技术 |   | 2 |  技术部 |   | 审核新产品 | 新系统的系统框架 |   | 管理执行规范的新产品 | 项目 | 实施流程 |  3 |  负责制定产品 | 项目 | 研发实施标准 | 管理流程 | 文档管控 |   | 4 |   | 团队管理 |   | 成员业绩考核 | 工作业绩 |  未填写

sourcetext: A 刚开始在郑州拓普总公司参与郑州拓普精密带钢有限公司筹备成立工作任职：技术员B 五个月后在郑州拓普精密带钢有限公司从事高低压配电轧机电控系统以及整个轧机生产线（冷轧带钢）安装调试和建线工作，主要工作是配合总工程师完成联调工作，一切完成后负责轧机高低压电控室和轧机电控室的设备维护和维修工作 任职：电气工程师
result: A |  刚开始 | 在 | 郑州拓普总公司 | 参与 | 郑州拓普 | 精密带钢有限公司筹备成立 | 任职 | 技术员 | B |   | 月 | 在 | 郑州拓普 | 精密带钢有限公司从事 | 高低压配电轧机电控系统 | 轧机生产线 | 冷轧带钢 | 安装 | 调试 | 建线工作 | 是 | 配合总工程师 | 完成 | 联调 | 完成 | 负责 | 轧机高低压电控室 | 轧机电控室的设备 | 维护 | 维修工作 |   | 任职

sourcetext: 1.作为cmmi实施负责人,负责定期组织epg会议、内部生产问题采集、组织度量报告编写、年度内部过程质量评估实施等。
result: 1 | 作为 | cmmi | 实施负责人 | 负责 | 组织epg会议 | 生产问题 | 采集 | 组织 | 度量报告 | 编写 | 年度内部过程质量评估 | 实施

sourcetext: 2.负责向epg组汇报过程管理执行情况、执行中发现的问题及解决的建议等,同时负责指导具体的项目规范裁剪活动。
result: 2 | 负责 | 向 | epg组汇报过程管理 | 执行情况 | 执行 | 中发现的问题 | 解决的建议 | 负责 | 项目 | 规范 | 裁剪活动

sourcetext: 3.作为公司过程规范主要起草规范人员之一,负责过程管理域和支持域规范的初稿编写、以及参与起草项目管理域和工程域的部分过程规范。
result: 3 | 作为 | 公司过程 | 规范 | 主要起草规范人员 | 负责 | 过程管理域 | 支持域 | 规范的初稿 | 编写 | 参与 | 起草 | 域 | 工程域的部分过程 | 规范

sourcetext: 4.兼职担任试点项目的QA,时间约1年。
result: 4 | 担任 | 试点项目的QA | 时间

sourcetext: 5.作为过程持续改进组的负责人,在部门过cmmi3之后,负责组建品管组的管理,建立管理团队。
result: 5 | 作为 | 过程 | 持续 | 改进 | 组的负责人 | 在 | 部门 | cmmi3 | 负责 | 组建 | 品管组的管理 | 建立 | 管理团队

sourcetext: 6.协助部门经理建立相关管理配套体系:绩效考评、部门培训、岗位职责定义等等,并负责整个规范的生产线部署和推动以及后期的改进活动。
result: 6 | 协助部门经理 | 建立 | 相关管理配套体系 | 绩效考评 | 部门培训 | 岗位职责定义 | 负责 | 规范 | 生产线部署 | 推动 | 改进

sourcetext: 7.负责完善质量控制体系,维护组织度量体系,并定期向epg组做度量报告,提供持续改进依据。
result: 7 | 负责 | 完善 | 质量控制体系 | 维护组织 | 度量体系 | 向 | epg组 | 做 | 度量报告 | 提供持续改进依据

sourcetext: <-汇报对象-> 产品开发部经理
result: <-汇报对象-> |   | 产品开发部经理

sourcetext: <-下属人数-> 2
result: <- | 下属 | 人数->

sourcetext: 证 明 人: 黄万松
result: 证 |  明 人 |  黄万松

sourcetext: <-离职原因-> 公司组织机构调整
result: <-离职 | 原因-> |   | 公司组织机构调整

sourcetext: 工作业绩: 主要负责开发部70人左右的团队的水平管理,负责4条产品线(4-6个项目经理-历史时期人数不同),1个测试组的日常生产管理的过程控制,及进度、质量的第三方反馈。以及负责负责人团队的建设活动
result: 工作业绩 |   | 主要负责开发部 | 7 | 0人左右的团队 | 水平管理 | 负责 | 4 | 产品线 | 4 | -6个项目经理 | -历史时期人数 | 1 | 个测试组 | 生产管理 | 进度 | 质量 | 负责 | 负责人团队的建设活动

sourcetext: 工作职责：计算机模拟人类大脑神经网路及大脑皱褶对神经传导速率的影响。从公开资料库收集大量人类大脑之MRI资料，加以分析以及自行设计大脑神经连接的演算法，利用计算机模拟,并以统计及数据挖掘方法分析之。 研究成果已于2016年发表在国际期刊Sciectific Reports。
result: 工作职责 | 计算机模拟人类大脑神经网路 | 大脑皱褶 | 对 | 神经传导速率的影响 | 从 | 资料库 | 收集 | 大量人类大脑 | MRI资料 | 加以分析 | 自行设计 | 连接的演算法 | 方法分析 |  研究成果 | 发表 | 在 | 国际期刊Sciectific |  Reports

sourcetext: 工作职责：                                    在公司主要。对广大骑行爱好者介绍适合自己的自行车和配件。
result: 工作职责 |      |    |    |    |    |    |    |    |    |   |    |    |    |    |    |   |    |    | 在 | 公司 | 对 | 骑行爱好者 | 介绍 | 适合 | 自行车 | 配件

sourcetext: :博康智能网络科技股份有限公司(500-1000人) [ 2 年5个月]部门: 基础算法研发部 1 车牌识别算法开发维护2 检测器算法开发维护3 目标跟踪算法开发维护4 算法框架开发维护5 算法项目开发管理维护
result: 博康智能网络科技股份有限公司 | 500-1 | 人 |   | 2 年5 | 月 | 部门 |  基础算法研发部 |   | 1 |   | 车牌识别算法开发 | 维护 | 2 |   | 检测器算法开发 | 维护 | 3  | 目标跟踪算法开发 | 维护 | 4 |   | 算法框架开发 | 维护 | 5 |   | 算法项目开发管理 | 维护

sourcetext: 互联网后台系统架构设计、评审、开发、优化 新员工导师、“设计模式”内部培训师 07年3月至今，主要负责腾讯公司密保卡系统的项目组织管理，架构设计，以及主要研发人员。运营至今反应良好，且无重大事故发生。 07年3季度，公司EVP锐意进取奖
result: 互联网后台系统架构设计 | 优化 |   | 新员工导师 | 设计模式 | 培训师 |   | 07年3月 | 负责 | 腾讯公司密保卡系统 | 项目组织管理 | 架构设计 | 主要研发人员 | 无重大事故 | 发生 |   | 07年3季度 | 公司EVP

sourcetext: 1.项目名称：在ADSP2181上实现WMA格式文件的解码 将浮点的WMA Decoder C代码转换成定点的汇编代码，并在ADSP2181平台上进行优化，我主要负责MDCT算法这一部分。  2.项目名称：在MIPS平台上对JPEG文件解码算法进行优化 主要针对JPEG6b标准中的progressive格式进行了优化，在MIPS平台上提高了对该格式文件的解码速度和显示图像质量。  3.项目名称：在MIPS平台上对DivX到MPEG2的转码算法进行优化 对DivX格式文件与MPEG2格式文件的编解码算法进行了分析对照，针对其共通的地方进行了优化，在MIPS平台上提高了转换编码的速度和效率，我主要负责MPEG2编码的部分。
result: 1 | 项目名称 | 在 | ADSP2181 | 上实现WMA |   | 浮点的WMA |  Decoder |   | C代码 | 定点的汇编代码 | 在 | ADSP2181平台上进行 | 优化 | 负责 | MDCT算法 |   2 | 项目名称 | 在 | MIPS平台 | 对 | JPEG文件解码算法进行 | 优化 |   | 针对 | JPEG6b标准 | 中的 | progressive格式进行 | 优化 | 在 | MIPS平台 | 提高 | 对 | 解码速度 | 显示 | 图像质量 |   3 | 项目名称 | 在 | MIPS平台 | 对 | DivX | 到MPEG | 2 | 转码算法进行 | 优化 |   | 对 | DivX | MPEG2 | 编解码算法进行 | 对照 | 针对 | 共通 | 地方进行 | 优化 | 在 | MIPS平台 | 提高 | 转换 | 编码的速度 | 效率 | 负责 | MPEG2编码的部分

sourcetext: 工作描述：负责上海市徐汇区下一代广播电视网NGB的数据管理工作及各中心机房、街道机房的设备和光链路的维护和维修，以及末端机房下交换机和企业数据业务用户的维护与维修，以保障企业和个人数据业务的正常使用。及时处理NGB业务故障报修及撰写案例总结，设备的升级配置，配合工程部门完成NGB改造项目，机房日常数据测试记录工作。
result: 工作描述 | 负责 | 上海市徐汇区下一代广播电视网NGB | 中心机房 | 街道机房的设备 | 光 | 维护 | 末端机房下交换机 | 企业数据业务用户 | 维护 | 以 | 保障企业 | 个人数据业务 | 使用 | NGB业务故障报修 | 撰写案例 | 总结 | 设备 | 升级 | 配合 | 工程部门 | 完成 | NGB改造项目 | 机房 | 数据测试 | 记录

sourcetext: 工作职责：                                    机器学习及数据挖掘技术在股票、期货等金融领域的分析及应用
result: 工作职责 |       |    |    |    |    |    |    |    |    |    |    |    |    |    |    |    机器 | 学习 | 技术 | 在 | 股票 | 期货 | 金融领域的分析

sourcetext: 1.参与核心网接入网关版本的开发,完成用户设备接入、数据传输、设备断开等模块编码及调测;负责产品版本维护,保障产品现网稳定运行;2.参与系统联调,设计针对性测试用例定位问题,并协调相关模块成功解决调试问题,保证质量完成任务;3.参与代码告警清零,清除代码潜在隐患;4.按时高质完成任务,积极主动学习相关业务知识。
result: 1 | 参与 | 核心网接入网关版本的开发 | 完成 | 用户设备接入 | 设备 | 断开 | 模块编码 | 负责 | 产品版本 | 维护 | 保障产品 | 网稳定运行 | 2 | 参与系统 | 联调 | 设计针对性 | 定位问题 | 协调 | 相关模块 | 解决调试问题 | 保证质量 | 完成任务 | 3 | 参与代码 | 告警 | 清零 | 清除代码 | 隐患 | 4 | 高质完成任务 | 积极主动 | 学习 | 相关业务知识

sourcetext: 工作职责：（1）负责太仓地区政企客户ICT行业应用项目招投标，项目方案支撑，如社会面治安监控项目、卡扣高清抓拍项目。（2）负责集团数据类产品管理（集团短信，400电话，车辆定位业务，黑莓，ICP备案），对客户经理进行培训，支撑客户经理业务发展。（3）负责4G行业应用支撑、管理。
result: 工作职责 | 1 | 负责 | 太仓地区政企客户ICT行业应用项目招投标 | 项目方案 | 支撑 | 如 | 社会面治安监控项目 | 卡扣高清 | 抓拍项目 | 2 | 负责 | 集团数据类产品管理 | 集团短信 | 4 | 电话 | 车辆定位业务 | 黑莓 | ICP备案 | 对 | 客户经理进行培训 | 支撑 | 客户经理业务发展 | 3 | 负责 | 4 | G行业应用 | 支撑

sourcetext: 实践描述: 任浙江大学学习网业务拓展中心总监,任职期间主导了学习网的革新工作,使其发展为浙江大学校内最大的学习资料交流平台,开创了网上书市,并且成功组织了多次学术讲座;语言能力英语:读写能力熟练 听说能力熟练德语:读写能力一般 听说能力一般专业技能java:熟练 48个月 ,
result: 描述 |  任 | 浙江大学学习网业务 | 拓展 | 中心总监 | 任职期间主导 | 学习网的革新工作 | 使 | 为 | 浙江大学校内最大 | 学习 | 资料交流平台 | 开创 | 网上书市 | 组织 | 多次学术讲座 | 语言能力英语 | 读写能力 |  听说能力 | 德语 | 读写能力 |  听说能力 | 专业技能java |  48 | 月 |  

sourcetext: 工作职责：                                    由于自己的导师是所里的研究员，所以第一年在学校上课，后两年在扬州723研究所实习，在此期间参与了某软件无线电项目，主要负责前端采样率变换的实现。因为我对自己学习的内容很感兴趣，所以我不仅在规定的时间按内完成了任务，而且还研究出了一种效率更高的采样率变换实现方法，提高了算法的运行速度，节省了硬件资源，得到了导师与项目主管的认可。
result: 工作职责 |      |    |    |    |    |    |    |    |    |    |    |    |    |    |    |   |   |    | 由于 | 导师 | 是 | 所里的研究员 | 在 | 学校上课 | 在 | 扬州723研究所实习 | 参与 | 软件无线电项目 | 负责 | 采样率 | 变换 | 实现 | 对 | 学习 | 内容很感兴趣 | 在 | 规定的时间 | 完成 | 任务 | 出 | 效率 | 采样率 | 变换 | 实现方法 | 提高 | 算法的运行速度 | 节省 | 得到 | 导师 | 项目主管的认可

sourcetext: 工作职责：                                    宣传健身中心，通过市场问卷、微信、电销吸引更多顾客，并接待客户，做来访登记
result: 工作职责 |       |    |    |    |    |    |    |    |    |    |    |    |    |   |    |    |    | 宣传健身中心 | 通过 | 市场问卷 | 微信 | 电 | 销 | 吸引 | 顾客 | 接待客户 | 做 | 来访

sourcetext: 工作职责：1.2012.9—2013.3：高清智能交通监测软件开发  开发环境：VS2010，摄像机，车辆检测器，红绿灯信号设备  项目描述：智能分析闯红灯、超速、不按车道行驶等车辆违规行为、智能车牌识别。主要包括视频流输入模块、车辆分析模块、录像模块、视频实时显示模块、视频逻辑分析模块、车牌识别算法模块、车牌识别、图片处理模块、图片上传模块。  职责描述：车牌识别算法的车牌定位部分开发，视频流接入模块，录像模块，图片处理模块、图片上传模块的代码开发。2.2012.6-2012.9：录像回放软件开发环境：VS2010项目描述：实现本地和远程录像查询，录像通过录像索引文件进行查找和维护，多个主机录像索引文件维护更新，远程录像可以通过ftp下载。职责描述：软件界面开发，录像索引文件的维护，ftp录像文件下载。3.2012.2 — 2012.5，车辆智能双向分析软件开发环境：C++Builder项目描述：车辆经过高速路口，两台摄像机对车辆车头和车尾分别分析抓拍，抓拍图片配对合成一张图片，完整显示车辆信息。职责描述：视频分析抓拍规则，图片配对合成代码开发。4.2011.9 – 2012.1，标清智能交通监测软件V2.8升级开发环境：C++Builder项目描述：软件通过两台摄像机监测道路，两路视频场景相同，标清摄像机视频流用于车辆检测，高清摄像机抓拍图片，同时保存标清摄像机的视频信息，抓拍车辆图片进行比对合成，图片信息叠加、车辆区域标注。职责描述：负责抓拍图片配对合成、图片信息文字叠加、车辆区域标注。
result: 工作职责 | 9 | 3 | 高清智能交通监测软件开发 |    | 开发环境 | VS2 | 摄像机 | 车辆检测器 | 红绿灯信号设备 |   |   | 项目 | 描述 | 闯红灯 | 超速 | 按 | 车道行驶 | 车辆 | 智能车牌识别 | 主要包括视频流 | 输入模块 | 车辆分析模块 | 录像模块 | 视频实时 | 显示模块 | 视频逻辑分析模块 | 车牌识别算法模块 | 车牌识别 | 图片处理模块 | 图片 | 上传模块 |    | 职责 | 描述 | 车牌识别算法的车牌定位部分开发 | 视频流接入模块 | 录像模块 | 图片处理模块 | 图片 | 上传 | 模块的代码开发 | 6 | -2012.9 | 录像 | 回放 | 软件开发环境 | VS2 | 项目 | 描述 | 实现 | 录像 | 查询 | 录像 | 通过 | 录像索引文件进行 | 查找 | 维护 | 个主机录像索引 | 更新 | 录像 | 可以 | 通过 | ftp | 下载 | 职责 | 描述 | 软件界面开发 | 录像索引文件 | 维护 | ftp录像文件 | 下载 | 2  |  2012.5 | 车辆智能 | 分析软件 | 开发环境 | C | Builder | 项目 | 描述 | 车辆 | 经过 | 路口 | 摄像机 | 对 | 车辆车头 | 车尾 | 抓拍 | 抓拍图片 | 配对 | 图片 | 显示 | 车辆信息 | 职责 | 描述 | 视频分析 | 抓拍规则 | 图片 | 配对 | 合成代码开发 | 9  |  2012.1 | 智能交通监测软件V2.8升级 | 开发环境 | C | Builder | 项目 | 描述 | 软件 | 通过 | 两台摄像机监测道路 | 两路视频场景 | 标 | 清摄像机视频流 | 用于 | 车辆检测 | 高清摄像机 | 抓拍图片 | 保存 | 摄像机的视频信息 | 抓拍 | 车辆图片进行 | 图片信息叠加 | 车辆区域 | 标注 | 职责 | 描述 | 负责抓拍图片 | 配对 | 图片信息文字叠加 | 车辆区域 | 标注

sourcetext: 工作描述：根据研发部软件主管安排，开发用于球形显示设备、多屏拼接显示设备等的图形渲染程序，主要负责图形算法研发与实现，并向其他软件工程师提供图形方面的技术指导；与电子工程师合作设计传感器单片机与PC之间的通信协议。
result: 工作描述 | 根据 | 研发部软件主管 | 安排 | 开发用于球形 | 显示设备 | 屏 | 拼接显示设备 | 图形 | 渲染程序 | 负责 | 图形算法 | 研发 | 实现 | 向 | 工程师 | 提供 | 图形方面的技术指导 | 电子工程师合作设计传感器单片机 | PC

sourcetext: 工作描述：工作两年多，主要负责App维护，和游戏开发(UCOS2系统，C语言)。也干过类单片机产品开发、Arm汇编优化研究，平面图像算法研究等：1. （主要工作）App维护-接手其他员工开发完成的App的维护，接手了超过5个App，负责Bug处理及新功能开发;2. （主要工作）游戏开发-独立开发四款新游戏，其中一款有涉及到3D图形算法；3. 单片机产品-下位机功能模块开发；4. Arm汇编优化研究-内存拷贝优化；5. 平面图像算法研究-SIFT图像算法理论研究。
result: 工作描述 | 主要负责App | 维护 | 游戏开发 | UCOS | 2系统 | C语言 | 干 | 单片机产品开发 | Arm汇编 | 优化 | 平面图像算法研究 | 1 |   | App | 维护 | - | 接手 | 员工开发 | 完成的App | 维护 | 接手 | 超过 | 5 | App | 负责 | Bug处理 | 新功能开发 | 2 |   | 游戏开发 | - | 游戏 | 有 | 涉及 | 到 | 3D图形算法 | 3 |   | 单片机产品 | - | 机功能模块开发 | 4 |   | Arm汇编 | 优化 | -内存拷贝 | 优化 | 5 |   | 平面图像算法研究 | -SIFT图像算法理论研究

sourcetext: 工作描述：职责主要负责，帮助公司在高考改革的巨变中寻找新的战略至高点，搭建产品团队，渠道市场团队，运营及内同部门，协调新团队和旧业务体系的矛盾化解融合工作业绩：1，入职第一个月，在情况不明确的情况下，孤军3人打山东市场，流水6万多，近利润2万42，在新高考改革的情况下，确认了公司，在k12教育领域，分流器的市场及产品定位3，策划完成，搜学5通产品，语文大赛产品4，尽力化解新旧团队利益格局问题离职原因：                                外行指导内行且整个公司不大，全是政治内斗充满阴谋，明月照沟渠，耽误我青春
result: 工作描述 | 职责 | 负责 | 帮助公司 | 在 | 高考改革的巨变 | 寻找 | 战略 | 至 | 高点 | 搭建 | 产品团队 | 渠道市场团队 | 同 | 部门 | 协调 | 团队 | 旧业务体系的矛盾 | 化解 | 融合 | 工作业绩 | 1 | 入职 | 月 | 在 | 情况 | 情况下 | 孤军3人 | 打 | 山东市场 | 流水 | 6 | 利润 | 2万42 | 在 | 新高考改革的情况下 | 确认 | 公司 | 在 | k | 12教育领域 | 分流器的市场 | 产品定位 | 3 | 完成 | 搜学 | 5通产品 | 语文大赛产品 | 4 | 化解 | 新旧团队利益格局问题 | 离职原因 |                    |    |    |    |    |    |    |    | 外行指导内行 | 公司 | 是 | 政治内斗 | 充满阴谋 | 明月照沟渠 | 耽误 | 青春

sourcetext: 工作描述：主要职责：1、基于MSP430的湿度控制调节系统的软硬件设计。系统采用HS1001湿度传感器利用单片机监控传感器数据，并通过预设阀值对市电风机进行开关操作。硬件主要包括220v转5V电源系统、555电路、单片机系统等。软件主要包括，频率跟踪检测以及控制系统。2、雷达状态机控制系统软硬件设计。系统采用MSP430通过RS485总线获取雷达状态并将雷达的发射、接受、开高压等状态信息显示在面板上，并能通过面板的按钮控制雷达的开关机、发射、接受、开高压等状态。硬件主要包括：高亮LED的驱动电路、交流接触器电路、以及RS485总线电路。软件主要包括：RS485驱动，以及开关量控制等。主要经验： 1、数字电路系统设计
result: 工作描述 | 主要职责 | 1 | 基于 | MSP | 湿度控制调节系统的软硬件设计 | 系统 | 采用HS1 | 001湿度传感器 | 利用 | 单片机监控传感器数据 | 通过 | 预设 | 阀值 | 对 | 市电风机进行开关操作 | 硬件 | 包括 | v | 转 | 5V电源系统 | 555电路 | 单片机系统 | 软件 | 包括 | 频率跟踪检测 | 2 | 雷达状态机 | 软硬件设计 | 系统 | 采用MSP | 通过 | RS485总线 | 获取 | 雷达状态 | 雷达 | 发射 | 接受 | 开高压 | 状态信息 | 显示 | 在 | 面板 | 并能 | 通过 | 面板的按钮控制雷达 | 开关机 | 发射 | 接受 | 开高压 | 状态 | 硬件 | 包括 | 亮 | LED的驱动电路 | 交流接触器电路 | RS485总线电路 | 软件 | 包括 | RS485驱动 | 开关量控制 | 经验 |  1 | 数字电路

sourcetext: 参与人数
result: 参与人数

sourcetext: 涉及到的核心技术包括海量数据存储、管理和并行处理,多维数据切分、索引和查询等。
result: 涉及到的核心技术 | 包括 | 海量数据存储 | 多维数据 | 切分 | 索引 | 查询

sourcetext: • 多维统计报表和分析
result:   | 维统计报表

sourcetext: • 基于时间序列的产业热点统计分析
result:   | 基于 | 时间序列的产业热点统计分析

sourcetext: • 行业风险预警
result:   | 行业风险预警

sourcetext:  行业知识产权申报与审批平台(
result:   | 行业知识产权申报 | 审批平台

sourcetext: 工作职责：1.负责对图形转移工序制程工艺测试的项目进行测试，确保设备等符合工艺能力和要求;2.监督、纠正日常工作中发现的工序违规现象；3.负责各工序制程方法的优化，以提升产品质量、效率，降低成本；4.负责工序难度板的跟进。
result: 工作职责 | 1 | 负责 | 对 | 图形 | 转移 | 工序制程工艺测试的项目进行测试 | 确保设备 | 符合 | 工艺能力 | 要求 | 2 | 纠正 | 发现 | 工序违规现象 | 3 | 负责 | 工序制程方法 | 优化 | 以 | 提升产品质量 | 效率 | 降低成本 | 4 | 负责 | 工序难度板 | 跟进

sourcetext: 同各地客户交流业务需求；将部门现有的以及准备开发的数据业务的业务属性及需求进行分析整理；形成《综合数据业务开发平台业务需求说明书》；参与总体设计。                                                                                                                                                                                                   管理经验：                                               下属人数：70人
result: 同 | 客户交流业务需求 | 部门 | 现有 | 准备 | 开发的数据业务 | 业务属性 | 需求进行分析 | 整理 | 形成 | 综合数据业务开发平台业务需求说明书 | 参与总体设计 |       |    |    |    |    |    |   |    |    |    |    |    |    |    |    |    |    |    |    |    |    |    |    |    |    |    |    |    |    |    |    |    |    |    |    |    |    |    |    |    |    |    |    |    |    |    |    |    |    |    |    |    |    |    |    |    |    |    |    |    |    |    |    |    |    |    |    |    |    |    |    |    |    |    |    |    |    |    |    |    |    |    |    |    |    |    |    |    |    |    |    |    |    |    |    |    |   | 管理经验 |                                    |    |    |    |    |      |   | 下属人数 | 7 | 人

sourcetext: 公司简介: 浙江网泽科技有限公司是一家专业从事车联网技术研发与应用、物流与工程领域的互联网+平台的开发与应用的国家重点扶持的高新技术企业。结合北斗/GPS卫星定位系统技术、开发了"网泽通"混凝土、砂浆、物流等行业的公共服务平台及APP产品, 为解决全国物流车、货信息不对称开发的"要发货"车、货匹配平台及APP产品。工作职责:手机应用开发(安卓系统), 开发安卓apk, 具体开发内容请查看项目经验的内容。项目描述:调用高德地图, 与车辆GPS真实数据进行对接, 实现对重型工程车辆的实时监控, 历史行进数据查询, 轨迹回放, 以及油耗报表的详细情况查询。其中主界面实现标注的图标聚合, 车辆视频监控正在开发。责任描述:负责新版本功能优化, 框架优化, 团队任务分配。
result: 公司简介 |   | 浙江网泽科技有限公司 | 是 | 一家专业从事 | 车联网技术 | 研发 | 物流 | 工程领域的互联网 | 平台的开发 | 应用的国家重点 | 扶持 | 高新技术企业 | 结合北斗 | / | GPS卫星定位系统技术 | 网泽通 | 混凝土 | 砂浆 | 物流 | 行业的公共服务平台 | APP产品 |  为 | 解决 | 全国物流车 | 货信息 | 对称开发 | 要 | 发货 | 车 | 货 | 匹配平台 | APP产品 | 工作职责 | 手机应用开发 | 安卓系统 |   | 开发安卓apk |   | 具体开发内容 | 请 | 查看 | 项目经验的内容 | 项目 | 描述 | 调用 | 高德地图 |   | 车辆GPS | 真实数据进行对接 |   | 实现 | 对 | 工程车辆的实时监控 |   | 历史行进数据 | 查询 |  轨迹 | 回放 |   | 油耗报表的详细情况 | 查询 | 界面 | 实现标注的图标 | 聚合 |   | 车辆视频监控 | 责任 | 描述 | 负责 | 新版本功能 | 优化 |  框架 | 优化 |  团队

sourcetext: 反恐专项”,制定策略和机制删除和屏蔽非法内容,日均评比非法内容访问约300万次;删除5万次分享; 盘危机(在这些专项整治活动中,多家网站被关停,处罚,评比产品功能);负责网盘用户行为分析 a.分析网盘用户在存储内容,分享内容,浏览行为等方面的行为数据,完成近200页的分析报告;b.分析0空间用户行为特征,推动产品线优化用户体验,优化数据同步策略,减少30%左右的请求量;
result: 反恐 | 制定策略 | 机制 | 删除 | 屏蔽 | 内容 | 内容访问 | 删除 | 5 | 分享 |  盘危机 | 在 | 整治活动 | 网站 | 被 | 关 | 停 | 评比产品功能 | 负责 | 网盘用户行为分析 |   | a | 分析网盘用户 | 在 | 存储内容 | 分享内容 | 浏览行为 | 方面的行为数据 | 完成 | 分析报告 | b | 0空间用户行为特征 | 推动产品线 | 优化用户 | 体验 | 优化数据 | 同步策略 | 减少 | 3 | % | 请求量

sourcetext: 工作描述：银行内部软件开发分析师主要职责是根据客户需求修改和优化现有银行内部软件，这些网页软件主要用于银行各网点面向客户的pdf文件输出，例如开户证明，汇款证明，国际汇款等等。所以这些代码层的修改和优化主要侧重于J2EE网页软件的开发和调试以及Sql语句应用。并根据要求修改一些Altova文件，这些修改是根据银行内部规定来实施，以达到规范化银行业务文件输出的要求。主要工作语言为法语，通过与法国组员和上级开例会形式更新并确认修改需求，准确快速的完成修改目标后，负责测试并准备产品最终上线。上线成功后负责对产品性能的监控以及问题的应急处理。次要工作语言为英语，因为巴克莱银行总部在伦敦，我所工作的分行在巴黎，所以在准备产品上线阶段会参与很多与英国组员的电话例会。
result: 工作描述 | 银行内部软件开发分析师主要职责 | 是 | 根据 | 客户需求 | 修改 | 优化 | 现有 | 银行内部软件 | 网页软件 | 主要用于银行 | 网点 | 面向 | 客户的pdf文件输出 | 例如 | 证明 | 汇款 | 证明 | 国际汇款 | 代码 | 修改 | 优化 | 侧重 | 于 | J2EE网页软件的开发 | 调试 | Sql语句应用 | 根据 | 要求 | 修改 | 一些Altova文件 | 修改 | 是 | 根据 | 银行内部规定 | 来 | 实施 | 以 | 达到 | 规范化银行业务文件输出的要求 | 工作语言 | 为 | 法语 | 通过 | 法国组员 | 上级 | 开 | 例会形式 | 更新 | 确认修改需求 | 完成修改目标 | 负责 | 准备产品 | 上线 | 上线 | 负责 | 对 | 产品性能的监控 | 问题的应急处理 | 工作语言 | 为 | 英语 | 巴克莱银行总部 | 在 | 伦敦 | 工作的分行 | 在 | 巴黎 | 在 | 准备 | 产品上线阶段 | 会 | 参与 | 英国组员的电话例会

sourcetext: 工作描述：主要从事创业公司对外融资、投资、并购、上市之顾问业务，主要关注传统行业+智能（大数据、IOT、AI、AR等）。 长期服务的领域包括不限于：大数据、物联网、机器人、大健康、教育培训、文化娱乐体育、智能制造、VR等。长期跟踪或服务的项目涉及:机器人、图像识别、 图像处理、VR、AR、人工智能媒体、人工智能众包、物联网、大数据、智能家居、旅游、青少年教育培训、影视服务、文化娱乐、大健康、智能制造、新材料等。 与大量投资机构、私募基金、并购基金、上市公司、投行、银行、信托、证券公司、律师事务所、会计师事务所、行业协会、科研院所等有着长期且深入的合作关系。
result: 工作描述 | 从事 | 创业公司对外融资 | 顾问业务 | 关注 | 传统行业 | 智能 | 数据 | IOT | AI | AR |   | 服务的领域 | 包括 | 不限 | 于 | 数据 | 物联网 | 机器人 | 教育培训 | 文化娱乐体育 | 智能制造 | VR | 服务的项目 | 涉及 | 机器人 | 图像识别 |  图像处理 | VR | AR | 人工智能媒体 | 人工智能 | 包 | 物联网 | 数据 | 智能家居 | 青少年 | 教育培训 | 文化娱乐 | 智能制造 | 新材料 |   | 大量投资机构 | 私募基金 | 并购基金 | 上市公司 | 银行 | 证券公司 | 律师事务所 | 会计师事务所 | 行业协会 | 科研院所 | 有着 | 合作关系

sourcetext: 工作职责：主要负责无人机遥感影像快速处理、卫星影像预处理（几何纠正、配准、切分等）算法的研究及实现工作业绩：一、无人机遥感影像自动快速拼接算法研究及实现    1、无人机影像预处理（基于Pos数据对影像进行航带识别等）    2、特征提取及匹配（基于Cuda的SIFT算法）    3、无人机影像配准（利用L-M算法求解每张影像所对应的Homograph矩阵）    4、匀色和拼接（最佳拼接线、多分辨率样条技术融合）二、***卫星影像生产线（民用部分）--配准模块、发布模块    1、实现整个配准过程当中的交互操作    2、利用GPU对卫星影像进行特征点匹配    3、求解三次多项式纠正模型的各个参数    4、根据三次多项式模型进行纠正及配准    5、基于CUDA架构实现对配准后影像进行切分三、航片质量检测系统    1、实现整个系统的部分可视化工作    2、通过POS数据对影像进行航带识别，旁向重叠度、航向重叠度检查
result: 工作职责 | 负责 | 无人机遥感影像 | 卫星影像预处理 | 几何 | 纠正 | 配准 | 切分 | 算法的研究 | 实现 | 工作业绩 | 无人机遥感影像 | 拼接 | 算法研究 | 实现 |      | 1 | 无人机影像 | 基于 | Pos数据 | 对 | 影像进行航带识别 |      | 2 | 特征提取 | 匹配 | 基于 | Cuda的SIFT算法 |      | 3 | 无人机影像 | 配准 | 利用 | L-M算法 | 求解 | 影像 | 对应 | Homograph矩阵 |     4 | 匀色 | 拼接 | 拼接线 | 多分辨率样 | 技术 | 融合 | 卫星影像生产线 | 部分 | -- | 配准模块 | 发布模块 |    |    | 1 | 实现 | 整个配准过程 | 交互操作    2 | 利用GPU | 对 | 卫星影像进行特征 | 匹配 |     3 | 求解 | 多项式 | 纠正模型 | 参数 |      | 4 | 根据 | 模型进行 | 纠正 | 配准    5 | 基于 | CUDA架构 | 实现 | 对 | 配 | 准后影像进行 | 切分 | 航片质量检测系统 |      | 1 | 实现 | 系统的部分 | 工作    2 | 通过 | POS数据 | 对 | 影像进行航带识别 | 向 | 重叠 | 航向 | 重叠

sourcetext: 工作职责：1、负责研发公司应用软件的模块设计、开发和交付2、负责编码，单元测试3、按照功能组件的详细设计4、对其他软件工程师的代码进行审核5、参与新知识的学习和培训6、修复程序BUG7、参与与其业务相关的需求变更评审8、完成上级交办的其他事宜9、编写技术设计文档
result: 工作职责 | 1 | 负责研发公司 | 模块设计 | 交付 | 2 | 负责编码 | 3 | 按照 | 功能组件 | 4 | 对 | 工程师的代码进行审核 | 5 | 参与 | 知识 | 学习 | 培训6 | 修复 | 程序BUG7 | 参与 | 业务相关的需求 | 变更 | 8 | 完成 | 上级交办 | 事宜 | 9 | 编写 | 技术设计文档

sourcetext: 开发环境：SAPFI/MM/SD模块 + ABAP + BAPI + ALV + Dialog Program
result: 开发环境 | SAPFI | /MM | / | SD模块 |   |  ABAP |   |  BAPI |   |  ALV |   |  Dialog |  Program

sourcetext: 项目时间：2008,4至今
result: 项目时间 | 2008 | 4

sourcetext: 主要职责：根据功能顾问提出的需求，带领开发小组完成新增报表的开发和现有报表的修改等
result: 主要职责 | 根据 | 功能顾问 | 提出的需求 | 带领 | 开发小组 | 完成 | 新增 | 报表的开发 | 现有报表 | 修改

sourcetext: 中信银行人力资源项目
result: 中信银行人力资源项目

sourcetext: 项目描述:该项目是中国人寿保险东莞分公司面向业务人员与业务管理人员提供的一个展业管理辅助支持系统,包括基于办公网络WEB平台的网页查询与管理系统,与基于触摸查询终端方式的触摸屏查询与管理系统,前者2009年8月完成,后者2010年5月启动。业务人员可在此系统上快捷方便地查询自己所有的保单业务信息、客户信息以及自己的佣金与收入信息等;业务管理人员还可以在系统上查询自己所辖团队的业务指标进展情况等。项目职责:1、跨部门沟通与协调工作;2、项目需求沟通整理及完善;3、系统建设框架方案确定;4、组建项目小组;5、项目建设进度跟踪与调控;6、项目推广与总结。
result: 项目 | 描述 | 项目 | 是 | 中国人寿保险东莞分公司 | 面向业务人员 | 业务管理人员 | 提供 | 一个展业管理辅助支持系统 | 包括 | 基于 | 办公网络WEB平台的网页 | 查询 | 基于 | 触摸 | 查询 | 终端方式的触摸屏 | 查询 | 2009年8月 | 完成 | 2010年5月 | 启动 | 业务人员 | 可 | 在 | 系统 | 查询 | 保单业务信息 | 客户信息 | 佣金 | 收入信息 | 业务管理人员 | 可以 | 在 | 系统 | 查询 | 所辖团队的业务指标进展情况 | 项目职责 | 1 | 跨部门 | 沟通 | 协调 | 2 | 项目需求 | 沟通 | 整理 | 完善 | 3 | 系统建设框架方案 | 确定 | 4 | 组建 | 项目小组 | 5 | 项目建设进度跟踪 | 6 | 项目推广 | 总结

sourcetext: 工作描述：在江苏南京华恒昌集团投资开发中心投融资部门负责企业投融资，资本运作。项目开发和跟进。通过集团平台，依托商会，大力开发和维护南京，上海，盐城，温州，杭州，无锡，宁波，徐州，连云港等江苏地区的企业家资源。同时和当地的商会如温州商会互动，开发维护企业家人脉！
result: 工作描述 | 在 | 江苏南京华恒昌集团投资开发中心投融资部门 | 负责 | 企业投融资 | 资本运作 | 项目开发 | 跟进 | 通过 | 集团平台 | 依托商会 | 维护南京 | 上海 | 盐城 | 温州 | 杭州 | 无锡 | 宁波 | 徐州 | 连云港 | 江苏地区的企业家资源 | 当地的商会 | 如 | 温州商会互动 | 维护 | 企业家人脉

sourcetext: 工作描述：项目简介：以STC公司—STC89C52单片机为核心处理器的开发板，完成“温度监控器”设计任务，该“温度监控器”可以实现环境温度检测及报警功能；通过EEPROM 存储上下限温度数值，温度上下限数值可通过外部按键更改。系统硬件电路主要有单片机控制电路、数码管显示电路、EEPROM 存储电路、DS18B20温度采集模块，直流电机驱动电路(设计部分) 、键控制电路及继电器组成。
result: 工作描述 | 项目简介 | 以 | STC公司 | STC89C52单片机 | 为 | 核心处理器的开发板 | 完成 | 温度监控器 | 设计任务 | 温度监控器 | 可以 | 实现 | 环境温度检测 | 报警功能 | 通过 | EEPROM |   | 存储上下限温度数值 | 温度上下限数值 | 可 | 通过 | 按键 | 更改 | 系统硬件电路 | 有 | 单片机控制电路 | 数码管 | 显示电路 | EEPROM |   | 存储电路 | DS18B20温度 | 采集模块 | 直流电机驱动电路 | 设计部分 |   | 键控制电路 | 继电器 | 组成

sourcetext: 工作描述：开发部中的一名组员，主要负责编写java程序代码。每天上班时组长都会给我们发配任务，直到任务完成才能下班。一般2~3天会开一个会议，主要讨论在开发过程中遇到的问题，然后一起讨论解决！在做项目过程中组员与组员之间能够互相学习、对待工作认真负责、工作氛围很浓。在两年开发过程中学到了些技术知识，积累了一些项目经验，已经熟悉整个项目开发的流程了！
result: 工作描述 | 开发部 | 中的 | 组员 | 负责 | 编写 | java程序代码 | 上班 | 时组长都会 | 给 | 发配任务 | 直到任务 | 完成才能 | 下班 | 2~ | 3天会开 | 会议 | 讨论 | 在 | 开发过程 | 中遇到的问题 | 讨论 | 解决 | 在 | 做 | 项目过程中组员 | 组员 | 之间能够互相学习 | 对待 | 负责 | 工作氛围 | 在 | 两年开发过程中学 | 到 | 些技术知识 | 积累 | 一些项目经验 | 熟悉 | 项目开发的流程

sourcetext: 工作描述：一、负责学生工作的调研。适时组织校际间工作交流与探讨，不断完善我校学生工作；开展校内调研，提炼、推广学生工作的典型经验。二、负责编制我校学生工作的中长期发展规划；拟定年度工作计划与总结；开展学生管理工作的制度性研究，完善学生工作的相关制度建设。三、负责大学生思想政治（德育）教育及其研究，适时召开德育工作研讨会暨班主任工作研讨会，指导学院组织开展入学教育、德育（文明）教育、责任感教育、毕业生文明离校等专项教育活动。四、履行心理咨询中心的行政职责，负责做好大学生的心理健康教育。五、负责导师制的组织和实施工作。开展导师工作的调研，建立和完善导师工作制度；做好导师制的宣传教育工作；有效落实导师制。六、负责学生安全稳定教育工作。编制阶段性安全维稳工作安排；组织开展安全稳定专题教育；负责修订《学生安全责任书》。七、负责处理学生突发事件；负责建立和维护应急小分队。八、负责辅导员和宿舍管理员队伍建设。组织开展培训交流活动；负责编制辅导员薪酬方案；完善和实施绩效考核。九、负责学风建设工作。负责开展考风考纪的教育工作；组织开展优良学风班的创建工作。十、负责学生公寓管理。负责学生宿舍调配、学生公寓文化建设；负责学生公寓安全稳定和突发事件的处置；指导自律委开展工作。十一、负责学生的奖励与资助工作。完善奖励与资助工作体系，具体负责学生奖励和资助工作、国家“三金”以及评优评先的组织、审核与宣传工作；指导爱之虹互助会工作。十二、负责武装部工作。负责学生军训、国防教育和征兵工作。十三、负责学生“学生儿童医保”和师生意外综合医疗险工作。十四、完成大型活动组织；协调大型活动安全应急措施。十五、负责学生纪律处分及解除的管理；负责学生申诉委员会的工作，妥善处理学生申诉与投诉。十六、负责学生的退学管理并完善学生退学管理办法；负责自动退学学生的清理工作；指导开展学期初学生返校工作。十七、负责编制学生动态月度报表及各类专项学生工作报表；上级单位和学校相关部门要求的有关报表的统计。十八、负责毕业生档案编制、立档、转存转寄和查询。十九、负责校信通短信平台的使用与管理。二十、负责学生各类证卡的办理。业绩描述：1、主持参与了学校学生工作改革。牵头完成了学生工作改革方案、辅导员工资方案；协助完成了辅导员绩效考核办法等的起草，并组织实施；牵头实施的导师育人模式得到教育部的表彰。2、全面完善了学生管理制度建设。从事学生工作管理期间，逐步完善了学生日常管理、奖励与资助、安全教育与管理、公寓管理、学风建设等30多项学生管理制度建设，提高了学校学生管理质量和水平。3、积累了积极稳妥处置突发事件的经验，有效处置了十余起学生突发重大事件。4、获得多项集体和个人表彰：2012年12月学校被北京市教委评为“北京高校学生公寓工作先进集体”；2011、2012、2013年学校连续三年被评为昌平区“征兵工作先进单位”；2012、2013年学校连续两年被北京市国防教育协会评为“2012年度国防教育先进单位”；2012年12月被市教委授予“北京高校学生公寓工作先进个人”荣誉称号；2012年5月被北京市职教体育协会和学校联合授予贡献奖；2010年5月被北京市大学生体育协会和学校联合授予“首都高等院校第48届学生田径运动会突出贡献奖”。
result: 工作描述 | 负责 | 学生工作的调研 | 组织校际间工作交流 | 探讨 | 校学生工作 | 开展 | 校内调研 | 提炼 | 推广学生工作的典型经验 | 负责 | 编制我校学生工作的中长期发展规划 | 拟定 | 年度工作计划 | 总结 | 开展 | 学生管理工作的制度性研究 | 完善 | 学生工作的相关制度建设 | 负责 | 大学生思想政治 | 德育 | 召开 | 德育工作研讨会 | 班主任工作研讨会 | 指导学院组织 | 开展 | 入学 | 德育 | 文明 | 责任感教育 | 毕业生文明离校 | 教育活动 | 履行 | 心理咨询中心的行政职责 | 负责 | 做好 | 大学生的心理健康教育 | 负责 | 导师制的组织 | 实施 | 开展 | 导师工作的调研 | 建立 | 完善 | 导师工作制度 | 做好 | 导师制的宣传教育工作 | 落实导师制 | 负责 | 学生安全稳定教育工作 | 编制阶段性安全 | 安排 | 组织 | 开展 | 安全稳定专题教育 | 负责 | 修订 | 学生安全责任书 | 负责 | 处理学生突发事件 | 负责 | 建立 | 维护 | 应急小分队 | 负责辅导员 | 宿舍管理员队伍建设 | 组织 | 开展 | 负责 | 编制辅导员薪酬方案 | 完善 | 实施绩效考核 | 负责 | 学风建设工作 | 负责 | 开展 | 考风考纪的教育工作 | 组织 | 开展 | 优良学风班 | 创建 | 负责 | 学生公寓管理 | 负责 | 学生宿舍调配 | 学生公寓文化建设 | 负责 | 学生公寓安全稳定 | 突发事件的处置 | 指导自律委 | 开展 | 负责 | 学生的奖励 | 资助 | 完善 | 资助 | 工作体系 | 负责 | 学生奖励 | 资助 | 国家 | 评优评先的组织 | 宣传工作 | 爱 | 负责 | 武装部工作 | 负责 | 学生军训 | 国防教育 | 征兵工作 | 负责学生 | 学生儿童医保 | 师生 | 综合医疗险工作 | 完成 | 大型活动组织 | 协调 | 大型活动安全应急措施 | 负责 | 学生纪律处分 | 解除 | 负责 | 学生申诉委员会的工作 | 妥善处理学生申诉 | 负责学生 | 退学 | 完善学生 | 退学 | 管理办法 | 负责 | 退学学生 | 清理 | 开展 | 学期初学生返校 | 负责 | 编制学生动态月度报表 | 学生工作报表 | 上级单位 | 学校相关部门要求的有关报表 | 负责 | 毕业生档案编制 | 立档 | 转存 | 转寄 | 查询 | 负责 | 校信通短信平台 | 使用 | 负责学生 | 证卡 | 办理 | 业绩 | 描述 | 1 | 主持 | 参与 | 学校学生工作改革 | 牵头 | 完成 | 学生工作 | 改革方案 | 辅导员工资方案 | 协助 | 完成 | 辅导员绩效考核办法 | 起草 | 组织 | 实施 | 牵头实施的导师 | 育人模式 | 得到 | 教育部的表彰 | 2 | 完善 | 学生管理制度建设 | 从事 | 学生工作管理 | 逐步完善 | 学生 | 资助 | 安全教育 | 公寓管理 | 学风建设 | 3 | 项学生管理制度建设 | 提高 | 学校学生管理质量 | 水平 | 3 | 积累 | 稳妥处置突发事件的经验 | 余 | 起 | 学生突发重大事件 | 4 | 获得 | 集体 | 个人表彰 | 2012年12月学校 | 被 | 北京市教委 | 评为 | 北京高校学生公寓工作先进集体 | 2013年学校 | 被 | 评为昌平区 | 征兵工作 | 单位 | 13年学校 | 被 | 北京市国防教育协会 | 评为 | 2012年度国防教育 | 单位 | 2012年12月 | 被 | 市教委 | 授予 | 北京高校学生公寓工作先进个人 | 荣誉称号 | 2012年5月 | 被 | 北京市职教体育协会 | 学校 | 联合授予贡献奖 | 2010年5月 | 被 | 北京市大学生体育协会 | 学校 | 联合 | 授予 | 首都高等院校 | 48届学生田径运动 | 会 | 突出贡献奖

sourcetext: 工作描述：任职期间，整体工作范围涉及项目的招标、投标，以及建设方案、需求调研等前期准备和后期具体实施、验收相关工作。主要负责管理、建设实施的具体工作内容包括：1. 约租车行业监管系统；2. 网约车综合业务系统；3. 出租车行业监管系统；以及1. 会同市客管处、执法局及交委其他相关处室（部门）参与研究编制广州市出租车、网约车政策文件；2. 协调、推进出租车行业改革有关的信息化软硬件升级；3. 参与广州市交通委员会与公安、地铁等多单位的数据共享平台建设与协商工作。工作范围辐射政协、交委、公安、地铁、残联、高校等多个单位（或部门），具备丰富的项目管理经验与人际交流经验。
result: 工作描述 | 任职期间 | 整体工作范围 | 涉及 | 项目的招标 | 建设方案 | 需求调研 | 准备 | 验收相关工作 | 负责管理 | 实施 | 具体工作内容 | 包括 | 1 |   | 租车 | 行业监管系统 | 2 |  网约车综合业务系统 | 3 |   | 出租车行业监管系统 | 1 |   | 会同 | 市客管处 | 执法局 | 交委 | 相关处室 | 部门 | 参与 | 研究编制广州市出租车 | 网约车政策文件 | 2 |   | 协调 | 推进 | 出租车行业改革有关的信息化软硬件升级 | 3 |   | 参与 | 广州市交通委员会 | 公安 | 地铁 | 单位 | 平台建设 | 协商工作 | 工作范围辐射政协 | 交委 | 公安 | 地铁 | 残联 | 高校 | 单位 | 部门 | 具备 | 经验 | 人际交流经验

sourcetext: 2014/03-2014/07 北京明道恒通信息技术有限公司100-500人  计算机软件 软件工程师 （软件三部） 月薪：面议 工作描述： 2年以上工作经验，能够独立开发各种不同类型的中小型网站。具备良好的团队合作沟通能力。 下属人数：0
result: 2014/ | 3-2014/ | 07 北京 | 明道 | 通 | 有限公司 | - | 5 | 00人  计算机软件 |   | 软件工程师 |   | 软件 |   | 月薪 | 面议 |   | 工作描述 |  2 | 工作经验 | 能够 | 类型 | 网站 | 具备 | 团队合作 | 沟通能力 |   | 下属人数

sourcetext: 工作职责：                                    学习公司事前事中事后攻击杀伤链，了解病毒防御基础，病毒攻击防御方法，了解主动防御原理。学习利用java进行界面开发，数据库操作。
result: 工作职责 |                     |    |    |    |    |    |    |    |    学习公司 | 事中事后攻击杀伤链 | 了解 | 病毒防御基础 | 病毒攻击防御方法 | 了解 | 主动防御原理 | 学习 | 利用 | java进行界面开发 | 数据库操作

sourcetext: 工作职责：                                    负责汽车安全辅助系统设计开发项目中直线识别模块的设计及验证负责数据流计算机的互联架构研究基于并行函数级的片上多核PLC数据流机协同架构研究
result: 工作职责 |          |    |    |   |    |    |    |    |    |    |    |    |    |    |   |   |   | 负责 | 汽车安全辅助 | 开发项目中直线识别模块 | 验证 | 负责 | 数据流计算机 | 互联 | 架构研究 | 基于 | 并行函数 | 核PLC数据流机 | 协同

sourcetext: 一绩效管理及奖金计发: 1)绩效管理实施:2次/年,针对中高层技术及职能管理人员实施目标管理,从前期目标设定到后期的访谈反馈,全程组织参与(参加人数90~ /次);针对基层技术及职能管理人员实施KPI管理,收集及维护KPI指标库。 2)奖金计发:根据绩效评价的结果,核算及发放全司人员奖金(手动计算,次,100%准确率),申报个税。分析实际奖金和预算成本差异(2次/年),协调各部门评价等级比例,处理个别员工和上司之间的绩效面谈冲突(累计 ) 。 3)评价主体技能培训:2012年下旬引进并改善绩效管理内训教程,针对中高层管理人员进行绩效面谈培训,并邀请各部长担任嘉宾现身点评,培训满意度95%。 4)绩效方案改善:①2013年公司组织结构巨变,针对跨部门调动的 的业绩考核提出改善方案,明确评价主体及权重,及时化解劳资矛盾关系;②评价结果横向扩展,作为外海研修,推荐晋升,调薪的资格判定参数;③不定时对评价表格优化设计。 5)每月表现奖等级数据审核及上传系统。 二、推荐晋升管理: 1)年度晋升实施:检讨晋升资格,确认推荐名单,制定考核形式,晋升汇总报告做成,监控人工成本。
result: 一绩效管理 | 奖金计发 |  1 | 绩效管理 | 实施 | 2次/ | 针对 | 技术 | 职能管理人员 | 实施 | 目标管理 | 目标 | 设定 | 到 | 访谈反馈 | 全程组织 | 参与 | 参加人数 | 9 | ~ |   | / | 针对 | 基层技术 | 职能管理人员 | 实施 | KPI管理 | 收集 | 维护 | KPI指标库 |   | 2 | 奖金计发 | 根据 | 绩效评价的结果 | 发放 | 全司人员奖金 | 计算 | 100%准确率 | 申报个税 | 分析实际奖金 | 预算成本差异 | 2次/ | 协调 | 部门评价等级比例 | 员工 | 上司之间的绩效 | 面谈 | 累计 |   |   |  3 | 评价主体技能培训 | 引进 | 改善 | 绩效管理 | 内训教程 | 针对 | 管理人员进行绩效 | 面谈 | 邀请 | 部长 | 担任 | 嘉宾现身 | 点评 | 培训满意度95% |  4 | 绩效方案 | 改善 | ①2013年公司组织结构巨变 | 针对 | 跨部门 | 调动 |  的业绩考核 | 提出改善方案 | 明确评价主体 | 权重 | 化解 | 劳资矛盾关系 | ②评价结果横向 | 扩展 | 作为 | 外海 | 研修 | 推荐 | 晋升 | 调薪的资格 | 判定参数 | 对 | 评价表格 | 优化设计 |   | 5 | 表现 | 奖等级数据审核 | 上传系统 |   | 推荐 | 晋升 |  1 | 年度 | 晋升 | 实施 | 检讨晋升资格 | 确认推荐名单 | 制定 | 考核形式 | 晋升汇总报告 | 做成 | 监控人工成本

sourcetext: 一、08年初入公司主要工作内容是对公司GSM老版本Nastar进行维护，包括新需求的开发、bug单修改和版本升级等。二、09年与性能、网规兄弟部门主要研发手机定位原型算法，当时难点在于：1、可借鉴较少，MOTO、爱立信在少数地区已有小网络交付案例，我司之前未涉及该领域；2、海量数据对算法和性能有非常高要求；3、定位精度；4、多部门合作涉及配合协调问题。    后期在此原型定位算法基础上先后在上海、成都、广州等地做算法验证，提供覆盖、质量等指标指导网络优化。三、10年定位算法初步成熟，开始合入OMStar v5r6正式版本，期间担任项目组BA和开发，主要工作包括需求控制、需求澄清以及需求验收，并参与定位核心算法开发。    10年版本验收交付阶段，先后在汉中、安康、成都等地支持服务交付四、10年后半年和11年开始OMStar单机版转服务器版开发，该版本主要是外包，我的职责是公司代表及BA，控制版本开发进度和保证需求能够完全满足客户要求。
result: 8 | 入公司 | 工作内容 | 是 | 对 | 公司GSM | 老版本Nastar进行 | 维护 | 包括 | 新需求的开发 | bug | 修改 | 性能 | 网规兄弟部门 | 研发 | 手机定位原型算法 | 难点 | 在于 | 1 | 可 | 借鉴 | MOTO | 爱立信 | 在 | 地区 | 已有 | 网络 | 交付案例 | 司 | 涉及 | 领域 | 2 | 海量数据 | 对 | 算法 | 性能 | 有 | 要求 | 3 | 定位精度 | 4 | 多部门合作 | 涉及配合协调问题 |      | 在 | 原型定位算法基础上 | 在 | 上海 | 成都 | 广州 | 做算法 | 验证 | 提供 | 覆盖 | 质量 | 指标指导网络 | 优化 | 1 | 0年定位算法 | 开始合入OMStar |  v5r6 | 版本 | 担任 | 项目组BA | 包括 | 需求控制 | 需求澄清 | 需求验收 | 参与 | 定位核心算法开发 |    |    | 1 | 0年版本验收 | 交付阶段 | 在 | 汉中 | 安康 | 成都 | 支持 | 交付 | 1 | 年和11 | 开始 | OMStar | 转 | 服务器版开发 | 版本 | 是 | 外包 | 职责 | 是 | 公司代表 | BA | 控制版本开发进度 | 保证需求 | 能够 | 满足 | 客户要求

sourcetext: 工作职责：                                    项目概况：对车载摄像机拍摄到的图像序列进行分析处理，估算出车辆自身的方位，速度等位姿状态，并进行轨迹预测主要工作：视觉里程计模块的研发，以及车辆自身运动状态的预测项目成果：经测试，模块达到了项目的要求指标
result: 工作职责 |                                      | 项目概况 | 对 | 摄像机 | 拍摄 | 到 | 图像序列进行分析处理 | 估算 | 出 | 车辆 | 方位 | 速度 | 姿状态 | 进行轨迹预测 | 视觉里程计模块 | 研发 | 车辆 | 运动状态的预测 | 项目成果 | 经 | 模块 | 达到 | 项目的要求指标

sourcetext: <-工作职责-> :
result: <-工作职责-> |  

sourcetext: 1]负责对无人机自驾仪记录相关数据进行分析、处理,选择合适的算法建立数学建模。
result: 1 | 负责 | 对 | 无人机自驾仪 | 记录 | 相关数据进行分析 | 选择 | 算法 | 建立数学

sourcetext: 2]根据所建立模型对系统进行控制参数调整并进行稳定性分析,力求获得更好的控制性能
result: 2 | 根据 | 所建立模型 | 进行稳定性分析 | 力求 | 获得 | 控制性能

sourcetext: 3]研究无人机的姿态解算和导航计算算法,并建模仿真。
result: 3 | 研究无人机的姿态解算 | 导航计算算法

sourcetext: 4]负责科研项目的鉴定工作,编写鉴定技术文件。
result: 4 | 负责 | 科研项目的鉴定工作 | 编写 | 鉴定技术文件

sourcetext: 北京爱迪乐学习中心研发部数学课程实践描述: 规模:6人 描述:录入、设计及改编小学、初中的数学试题,使之符合爱迪乐的教育理念 完成:逐渐熟悉使用mathtype输入公式及几何画板作图后,每天超额完成任务。
result: 北京爱迪 | 学习 | 中心研发部数学课程 | 描述 |  规模 | 6人 | 描述 | 录入 | 改编小学 | 初中的数学试题 | 使 | 符合爱迪 | 教育理念 |   | 完成 | 熟悉使用mathtype | 输入公式 | 几何画板作图 | 超额完成任务

sourcetext: 工作职责：负责手机新项目射频部分的工作，以及与天线、结构工程师协调布局设计，指导布板工程师布板，样机调试，认证准备、天线确认等工作。主要做展讯平台,高通平台也有接触。期间掌握了allegro15.2、PADS2007和CAM350V9.5等ECAD工具软件，顺利完成多个基于展讯6600R平台的双卡音乐手机项目的射频电路设计布局布板调试工作，确保产品顺利通过CTA认证。
result: 工作职责 | 负责 | 手机新项目射频部分的工作 | 天线 | 结构工程师 | 协调 | 布局设计 | 指导布板工程师布板 | 样机 | 调试 | 准备 | 天线 | 确认 | 做 | 展讯平台 | 高通平台 | 有 | 接触 | 掌握 | allegro15.2 | PADS2 | 7 | CAM350V9.5 | ECAD工具软件 | 顺利完成 | 基于 | 展讯6600R平台的双卡音乐手机项目 | 射频电路设计布局布板 | 调试 | 确保产品 | 通过 | CTA认证

sourcetext: 工作描述：2005.8—2007.3，就职于UT斯达康通讯公司深圳分公司，从事第三代移动通讯系统的软件设计。先后从事WCDMA基站系统NBAP协议开发，OAM软件开发，TDD-CDMA软件信令面、用户面软件开发，资源调度算法设计和优化，信令监控系统软件设计等。
result: 工作描述 | 2005.8 | 2007.3 | 就职 | 于 | UT斯达康通讯公司深圳分公司 | 从事 | 第三代移动通讯系统的软件设计 | 从事 | WCDMA基站系统NBAP协议开发 | OAM软件开发 | TDD-CDMA软件 | 面 | 用户面软件开发 | 资源调度算法设计 | 优化

sourcetext: 工作职责：                                    对各类金融数据进行分析和处理，编写MT脚本程序以及根据CTP协议和FIX协议编写金融相关的智能交易程序。
result: 工作职责 |         |    |    |   |    |    |    |    |    |    |    |    |    |    |    |    | 对 | 金融数据进行分析 | 编写 | MT脚本程序 | 根据 | CTP协议 | FIX协议 | 编写 | 金融相关的智能交易程序

sourcetext: 工作职责：                                    负责机器视觉算法模块的FPGA硬件实现，算法加速，IC前端验证。
result: 工作职责 |                |    |    |    |    |    |    |    |    |    |    |   |   | 负责 | 机器视觉算法模块的FPGA硬件 | 实现 | 算法加速 | IC | 验证

sourcetext: 技术培训中心通讯(设备/运营/增值服务)民营 主要工作为1)WCDMA无线网络规划及优化;2)为客户及合作伙伴培训无线网络规划及优化工程师 2006-04 ~ 2007-07: 华为技术有限公司 15个月)
result: 技术培训中心通讯 | 设备 | / | / | 增值服务 |   | 为 | 1 | WCDMA无线网络规划 | 优化 | 2 | 为 | 客户 | 合作伙伴培训无线网络规划 | 优化工程师 |   | 2006- | 04 ~ |   | 2007- | 7 |  华为技术有限公司 |   | 月

sourcetext: 本人性格热情开朗，待人友好，为人诚实谦虚。工作勤奋，认真负责，能吃苦耐劳，尽职尽责，有耐心。具有亲和力，平易近人，善于与人沟通。 拥有较强的组织能力和适应能力。由于本人专业是计算机系基本办公软件操作系统熟悉。 求职意向
result: 性格热情 | 待人 | 负责 | 能 | 吃苦耐劳 | 有 | 具有亲和力 | 平易近人 | 善于 | 人 | 沟通 |   | 拥有 | 组织能力 | 适应能力 | 由于 | 专业 | 是 | 计算机系 | 基本办公软件操作系统 | 熟悉 |  求职意向

sourcetext: 工作职责：1) LTE项目 本项目的目的在于建立LTE上下行链路仿真平台，并将本公司的小区干扰消除算法融合到LTE标准中。本人负责小区搜索/信号跟踪和下行链路控制信道部分的算法设计，包括MIMO检测，解调，解扰等，经仿真，算法性能达到LTE协议要求。并申报同步方面的国家专利一项。2) IEEE802.15.4接收机项目 在本项目中我负责IEEE802.15.4物理层同步和解调浮点算法设计和定点化，分析802.15.4MAC层协议和ZigBee网络层协议，并指导FPGA人员实现。全部的接收算法由我一人负责设计。
result: 工作职责 | 1 |   | LTE项目 |   | 项目的目的 | 在于 | 建立 | LTE上下行 | 仿真平台 | 公司的小区干扰 | 消除算法 | 融合 | 到 | LTE标准 | 负责 | 小区搜索 | / | 信号跟踪 | 下行 | 控制信道部分的算法设计 | 包括 | MIMO检测 | 解调 | 解扰 | 经 | 算法性能 | 达到 | LTE协议要求 | 同步 | 方面的国家专利 | 2 |  IEEE8 | 4 | 接收机项目 |   | 在 | 项目 | 负责IEEE8 | 4 | 同步 | 解调 | 浮点算法设计 | 定点 | 化 | 4MAC | 协议 | ZigBee | 协议 | 指导FPGA人员 | 实现 | 接收算法 | 由 | 人 | 负责

sourcetext: 工作职责：1. 通过天津大学图书系统及时统计用户申请文献下载信息；2. 审核用户申请，下载申请文献；3. 根据收费标准，计算文献的下载费用；4. 查找相关藏书，完成影印，进行文章电子版本的制作。工作业绩：1. 及时统计用户申请文献信息，并及时给出反馈；2. 下载用户所需文献，并准确计算相关费用；3. 合理利用图书馆藏书，完成南北两馆的借阅交互工作。
result: 工作职责 | 1 |   | 通过 | 天津大学图书系统 | 统计用户 | 申请文献 | 下载信息 | 2 |   | 审核用户 | 申请 | 下载申请文献 | 3 |   | 根据 | 收费标准 | 计算文献 | 下载费用 | 4 |   | 查找 | 相关藏书 | 完成 | 影印 | 进行文章电子版本 | 制作 | 工作业绩 | 1 |   | 统计用户 | 申请 | 文献信息 | 给出 | 2 |   | 下载 | 用户所需文献 | 计算 | 相关费用 | 3 |   | 利用 | 图书馆藏书 | 完成 | 馆 | 借阅

sourcetext: 工作描述：1.参与城市大数据基础平台的架构设计和开发2.个人主要负责模块是智能交通子系统的开发3.子系统主要包括：对电子警察捕获的信息整合后存储和算法处理、数据分析；4.Hadoop 开发，编写 MapReduce，过滤数据5.利用HBase存储数据，主要由于查询和展示结果6.日志数据上传到HDFS中进行处理； 使用MapReduce对HDFS中的原始数据进行清洗； 使用Hive对清洗后的数据进行统计分析； 使用Sqoop把Hive产生的统计结果导出到mysql中； 用户需要查看详细数据的话，可以使用HBase进行展现；
result: 工作描述 | 1 | 参与城市 | 大数据基础平台的架构设计 | 2 | 个人 | 主要负责模块 | 是 | 智能交通子系统的开发 | 3 | 子系统 | 包括 | 对 | 电子警察 | 捕获 | 信息整合后存储 | 算法处理 | 4 | Hadoop |   | 编写 MapReduce | 过滤数据 | 5 | 利用 | HBase存储数据 | 由于 | 查询 | 展示结果 | 6 | 日志数据 | 传到 | HDFS中进行处理 |  使用MapReduce | 对 | HDFS | 中的 | 清洗 |  使用Hive | 对 | 清洗 | 数据进行统计分析 |  使用Sqoop | 把 | Hive | 产生 | 统计结果 | 导出到mysql |  用户 | 需要 | 查看 | 数据 | 可以 | 使用 | HBase进行 | 展现

sourcetext: 工作职责：                                    1.新产品的硬件、软件的测试；2.样机焊接、调试、整改；3.对现有测试流程、规范、方法、技术进行不断优化和改进公司描述：鼎研专注于电动车辆之动力锂电池系统及光伏离并网逆变器、并网锂电池储能系统的研发、生产和销售，公司在锂电池系统集成、电池管理系统（BMS）、能量管理系统（EMS）和智能微电网构架设计等领域积累了专有核心技术，有国际化资本及前沿技术的支撑。
result: 工作职责 |                   |    |    |    |    |    |          1 | 新产品的硬件 | 软件的测试 | 2 | 样机焊接 | 调试 | 3 | 对 | 现有 | 测试流程 | 规范 | 方法 | 技术进行 | 优化 | 改进 | 公司 | 描述 | 鼎研专注 | 于 | 车辆 | 动力锂电池系统 | 光伏 | 离 | 并网 | 网锂电池储能系统 | 研发 | 公司 | 在 | 锂电池 | 电池 | BMS | 能量 | EMS | 智能 | 微电网构架设计 | 领域 | 积累 | 专有核心技术 | 有 | 国际化资本 | 前沿技术 | 支撑

sourcetext: 项目职责：引擎的核心算法开发，优化，测试。项目描述：用c++进行基于supermap的二次开发，包括二三维联动，三维地貌模拟等的核心算法。系统实现了对小飞机状态进行实时分析，飞行路线预测，实时的地形地貌显示等。用QT开发引擎的测试工具。
result: 项目职责 | 引擎的核心算法开发 | 优化 | 项目 | 描述 | 用 | c | 基于 | supermap的二次开发 | 包括 | 二三维联动 | 三维地貌模拟 | 核心算法 | 系统 | 实现 | 对 | 小飞机状态进行实时分析 | 飞行路线预测 | 实时的地形地貌 | 显示 | 用 | QT开发引擎的测试工具

sourcetext: 工作职责：                                    1.开发并维护"应用安全"模块。2.开发并维护"手机远程保护"模块。3.SIM-IO,MMS,NFC,BT,应用安全,手机远程保护等模块的bugfix。
result: 工作职责 |                         |    |    |    |    |    |     | 1 | 维护 | 应用安全 | 模块 | 2 | 维护 | 手机 | 模块 | 3 | SIM-IO | MMS | NFC | BT | 应用安全 | 手机 | 模块的bugfix

sourcetext: :和为软件技术有限公司(150-500人) [ 8个月]算法研究部 在公司算法研究部门从事C++方面的开发工作,主要使用OGRE和CEGUI进行图形图像和程序界面的开发,在工作期间完成了模型编辑和系统配置等数个模块的开发项目经验
result: 为 | 有限公司 | 150-5 | 人 |   |   | 8 | 月 | 算法研究部 |   | 在 | 公司算法研究部门从事 | C | 方面的开发工作 | 主要使用OGRE | CEGUI进行图形图像 | 程序界面的开发 | 在 | 完成 | 模型编辑 | 数 | 个模块的开发项目经验

sourcetext: 工作职责：月球车视觉避障主要利用避障像机采集月球表面影像，通过对月面图像进行三维恢复得到月球车坐标系下月面三维信息，从而实现避障。该技术核心是使用双目视觉测量像机实现成像范围内物体的三维坐标测量，测量精度直接影响避障效果。本课题是航天八院主导项目。研究双目视觉算法，为后续登月车研制做技术储备。
result: 工作职责 | 月球车视觉 | 避障 | 主要利用避障像机 | 采集 | 月球表面影像 | 通过 | 对 | 月面图像进行三维 | 恢复 | 得到 | 月球车坐标系 | 三维信息 | 实现避障 | 技术核心 | 是 | 使用 | 双目视觉测量像机 | 实现 | 成像范围内物体的三维坐标测量 | 测量精度 | 直接影响 | 避 | 障效果 | 课题 | 是 | 航天八院主导项目 | 研究双目视觉算法 | 为 | 后续登月车 | 研制做技术储备

sourcetext: 主要任务实现用户界面新增需求，改进分析算法（小波算法）主要技术：MFC下的窗体编程，以及socket编程，DLL编程离职原因：寻求更为专业的工作环境工作业绩：算法的准确率提高了20%数据处理速度又很大提高（文件映射）程序结构模块化（dll动态库）添加了许多更方便实用的界面功能；
result: 任务 | 实现 | 新增需求 | 改进 | 分析算法 | 小波算法 | 技术 | MFC | socket编程 | DLL编程 | 离职原因 | 寻求 | 专业的工作环境 | 工作业绩 | 算法的准确率 | 提高 | 2 | % | 速度 | 提高 | 文件映射 | 程序结构 | dll动态库 | 添加 | 界面功能

sourcetext: 2010/04至今：开发语言C++，主要负责曲线聚类算法的开发，该项目是和加拿大政府合作研发的，主要是是根据生物学上细胞在多种化合物不同浓度下生长趋势，对不知名的化合物进行分类；分类的依据是依照细胞生长周期的曲线变化，开发出一套曲线聚类分析算法。
result: 2010/04 | 开发语言C | 负责 | 曲线聚类算法的开发 | 项目 | 是 | 加拿大政府合作 | 研发 | 是 | 是 | 根据 | 生物学上细胞 | 在 | 化合物 | 浓度 | 下生长趋势 | 对 | 化合物进行分类 | 分类的依据 | 是 | 依照 | 细胞生长 | 周期的曲线变化 | 出 | 一套曲线 | 算法

sourcetext: 2010/04--至今：参与HT、Cardio等软件算法、界面的开发、完善、验证等工作，负责软件版本升级安装版制作；另外，根据生物部门的需求，开发了一些小的程序软件。
result: 10 | / | 4-- | 参与HT | Cardio | 软件算法 | 界面的开发 | 完善 | 验证 | 负责软件 | 安装版 | 制作 | 根据 | 生物部门的需求 | 程序软件

sourcetext: 2014/3--2014/6：广州市华乾智能科技有限公司(50-150人)[3个月]所属行业：建筑/建材/工程设计部平面设计经理/主管负责工程前期投标工作，包括智能化弱电工程的初步设计、深化设计、施工组织设计方案，工程中标后的图纸优化及成本控制。日常工作主要是学习及关注目前弱电行业的最新技术（例如EPON技术光纤接入三网融合解决方案,数字监控系统、数字对讲系统、数字广播系统、多媒体会议系统等），经常了解行业产品最新动态（成本价格及产品质量）。经手过的项目：1、参与大一山庄智能化弱电系统工程投标（白云区）2、完成佛冈勤天城地块三、五、六别墅区及商业街智能化工程投标（清远佛冈）3、完成东湖洲花园智能化弱电系统工程初步设计图（番禺区）4、完成鸿花园智能化弱电系统工程深化设计图（梅洲兴宁）5、完成横沙安置区一期智能化弱电系统工程深化设计图（黄浦区）广东粤安信息技术有限公司
result: /3--2 | 14/6 | 广州市华乾智能科技有限公司 | 5 | 0-15 | 人 | 3 | 月 | 所属行业 | 建筑/建材 | / | 工程设计部平面设计经理 | / | 负责 | 工程前期投标工作 | 包括 | 智能化弱电工程的初步设计 | 深化 | 施工组织设计方案 | 工程中标 | 图纸 | 优化 | 成本控制 | 是 | 学习 | 关注 | 弱电行业 | 技术 | 例如 | EPON技术光纤接入 | 网 | 融合 | 数字监控系统 | 数字对讲系统 | 数字广播系统 | 多媒体会议系统 | 了解 | 行业产品 | 动态 | 成本价格 | 产品质量 | 经手 | 项目 | 1 | 参与 | 大一山庄智能化弱电系统工程投标 | 白云区 | 2 | 完成佛冈 | 勤天城地块 | 别墅区 | 商业街智能化工程投标 | 佛冈 | 3 | 完成 | 东湖洲花园智能化弱电系统工程 | 设计图 | 番禺区 | 4 | 完成 | 鸿花园智能化弱电系统工程 | 深化设计图 | 梅洲兴宁 | 5 | 完成 | 横沙安置区 | 智能化弱电系统工程 | 深化设计图 | 黄浦区 | 广东粤安 | 有限公司

sourcetext: 工作职责：                                    优化H.264编/解码器，及其嵌入式FPGA实现（计算所日前推出的“凤芯”芯片的前身）。另外继续从事视频内容分析、识别等方面的研究工作。
result: 工作职责 |                             |    |    |    |    |   | 优化 | H.264编/解码器 | FPGA | 实现 | 计算所 | 推出 | 凤芯 | 芯片的前身 | 继续从事视频 | 方面 | 研究工作

sourcetext: 工作描述：技术总监、主程。一款3D微端页游的开发工作。已上线。这是一款RTS战斗为主的游戏，视野共享，一个战场可支持60VS60的玩家单位，服务器做了小数据包合并等优化，满足大并发量的数据传输需求。我提供了服务器、数据库、客户端、编辑器、版本发布工具等等全套的技术解决方案。www.quegame.com
result: 工作描述 | 技术总监 | 主程 | 3D | 页游的开发工作 | 上线 | 是 | 一款RTS战斗为主 | 游戏 | 视野 | 共享 | 战场 | 可 | 支持 | VS6 | 玩家单位 | 服务器 | 做 | 数据包 | 合并 | 优化 | 满足 | 并发量 | 需求 | 提供 | 服务器 | 数据库 | 客户端 | 编辑器 | 版本 | 发布工具 | 全套的技术 | www | quegame | com

